<?xml version="1.0" encoding="UTF-8"?>
<!-- Generated by org.testng.reporters.JUnitReportReporter -->
<testsuite skipped="0" hostname="LAPTOP-S8PGKM3G" name="Calculator.Flexon.AppTest" tests="1" failures="0" timestamp="28 Jan 2020 00:46:58 GMT" time="0.037" errors="0">
  <testcase name="testSum" time="0.037" classname="Calculator.Flexon.AppTest"/>
</testsuite> <!-- Calculator.Flexon.AppTest -->
